<?xml version="1.0" encoding="UTF-8"?>
<!-- Generated by org.testng.reporters.JUnitXMLReporter -->
<testsuite ignored="0" hostname="DESKTOP-FPTLG6G" failures="0" tests="3" name="Default test" time="15.015" errors="0" timestamp="2025-11-17T22:13:45 EST">
  <testcase classname="org.wipro.automation.saucedemo.testcases.SignUpScenario_DDF" name="validate_valid_Signup_functionality" time="1.853"/>
  <testcase classname="org.wipro.automation.saucedemo.testcases.SignUpScenario_DDF" name="validate_valid_Signup_functionality" time="1.875"/>
  <testcase classname="org.wipro.automation.saucedemo.testcases.SignUpScenario_DDF" name="validate_valid_Signup_functionality" time="1.887"/>
</testsuite> <!-- Default test -->
