<html>
<head>
<title>TestNG:  Test</title>
<link href="../testng.css" rel="stylesheet" type="text/css" />
<link href="../my-testng.css" rel="stylesheet" type="text/css" />

<style type="text/css">
.log { display: none;} 
.stack-trace { display: none;} 
</style>
<script type="text/javascript">
<!--
function flip(e) {
  current = e.style.display;
  if (current == 'block') {
    e.style.display = 'none';
    return 0;
  }
  else {
    e.style.display = 'block';
    return 1;
  }
}

function toggleBox(szDivId, elem, msg1, msg2)
{
  var res = -1;  if (document.getElementById) {
    res = flip(document.getElementById(szDivId));
  }
  else if (document.all) {
    // this is the way old msie versions work
    res = flip(document.all[szDivId]);
  }
  if(elem) {
    if(res == 0) elem.innerHTML = msg1; else elem.innerHTML = msg2;
  }

}

function toggleAllBoxes() {
  if (document.getElementsByTagName) {
    d = document.getElementsByTagName('div');
    for (i = 0; i < d.length; i++) {
      if (d[i].className == 'log') {
        flip(d[i]);
      }
    }
  }
}

// -->
</script>

</head>
<body>
<h2 align='center'>Test</h2><table border='1' align="center">
<tr>
<td>Tests passed/Failed/Skipped:</td><td>68/4/0</td>
</tr><tr>
<td>Started on:</td><td>Tue Nov 11 18:17:54 EST 2025</td>
</tr>
<tr><td>Total time:</td><td>10 seconds (10951 ms)</td>
</tr><tr>
<td>Included groups:</td><td></td>
</tr><tr>
<td>Excluded groups:</td><td></td>
</tr>
</table><p/>
<small><i>(Hover the method name to see the test class name)</i></small><p/>
<table width='100%' border='1' class='invocation-failed'>
<tr><td colspan='4' align='center'><b>FAILED TESTS</b></td></tr>
<tr><td><b>Test method</b></td>
<td><b>Attribute(s)</b></td>
<td width="30%"><b>Exception</b></td>
<td width="10%"><b>Time (seconds)</b></td>
<td><b>Instance</b></td>
</tr>
<tr>
<td title='testNGDemo.TestScenario.third_testcase()'><b>third_testcase</b><br>Test class: testNGDemo.TestScenario</td>
<td><div><pre>java.lang.AssertionError: expected [Hello world] but found [Hello]
	at testNGDemo.TestScenario.third_testcase(TestScenario.java:26)
	at java.base/java.util.ArrayList.forEach(ArrayList.java:1604)
... Removed 31 stack frames</pre></div><a href='#' onClick='toggleBox("stack-trace1325144078", this, "Click to show all stack frames", "Click to hide stack frames")'>Click to show all stack frames</a>
<div class='stack-trace' id='stack-trace1325144078'><pre>java.lang.AssertionError: expected [Hello world] but found [Hello]
	at org.testng.Assert.fail(Assert.java:111)
	at org.testng.Assert.failNotEquals(Assert.java:1590)
	at org.testng.Assert.assertEqualsImpl(Assert.java:150)
	at org.testng.Assert.assertEquals(Assert.java:132)
	at org.testng.Assert.assertEquals(Assert.java:656)
	at org.testng.Assert.assertEquals(Assert.java:666)
	at testNGDemo.TestScenario.third_testcase(TestScenario.java:26)
	at java.base/jdk.internal.reflect.DirectMethodHandleAccessor.invoke(DirectMethodHandleAccessor.java:104)
	at java.base/java.lang.reflect.Method.invoke(Method.java:565)
	at org.testng.internal.invokers.MethodInvocationHelper.invokeMethod(MethodInvocationHelper.java:141)
	at org.testng.internal.invokers.TestInvoker.invokeMethod(TestInvoker.java:687)
	at org.testng.internal.invokers.TestInvoker.invokeTestMethod(TestInvoker.java:230)
	at org.testng.internal.invokers.MethodRunner.runInSequence(MethodRunner.java:63)
	at org.testng.internal.invokers.TestInvoker$MethodInvocationAgent.invoke(TestInvoker.java:995)
	at org.testng.internal.invokers.TestInvoker.invokeTestMethods(TestInvoker.java:203)
	at org.testng.internal.invokers.TestMethodWorker.invokeTestMethods(TestMethodWorker.java:154)
	at org.testng.internal.invokers.TestMethodWorker.run(TestMethodWorker.java:134)
	at java.base/java.util.ArrayList.forEach(ArrayList.java:1604)
	at org.testng.TestRunner.privateRun(TestRunner.java:741)
	at org.testng.TestRunner.run(TestRunner.java:616)
	at org.testng.SuiteRunner.runTest(SuiteRunner.java:421)
	at org.testng.SuiteRunner.runSequentially(SuiteRunner.java:413)
	at org.testng.SuiteRunner.privateRun(SuiteRunner.java:373)
	at org.testng.SuiteRunner.run(SuiteRunner.java:312)
	at org.testng.SuiteRunnerWorker.runSuite(SuiteRunnerWorker.java:52)
	at org.testng.SuiteRunnerWorker.run(SuiteRunnerWorker.java:95)
	at org.testng.TestNG.runSuitesSequentially(TestNG.java:1274)
	at org.testng.TestNG.runSuitesLocally(TestNG.java:1208)
	at org.testng.TestNG.runSuites(TestNG.java:1112)
	at org.testng.TestNG.run(TestNG.java:1079)
	at org.testng.remote.AbstractRemoteTestNG.run(AbstractRemoteTestNG.java:115)
	at org.testng.remote.RemoteTestNG.initAndRun(RemoteTestNG.java:293)
	at org.testng.remote.RemoteTestNG.main(RemoteTestNG.java:91)
</pre></div></td>
<td>0</td>
<td>testNGDemo.TestScenario@4c12331b</td></tr>
<tr>
<td title='testNGDemo.TestScenario4.third_testcase()'><b>third_testcase</b><br>Test class: testNGDemo.TestScenario4</td>
<td><div><pre>java.lang.AssertionError: expected [Hello world] but found [Hello]
	at testNGDemo.TestScenario4.third_testcase(TestScenario4.java:22)
	at java.base/java.util.ArrayList.forEach(ArrayList.java:1604)
... Removed 31 stack frames</pre></div><a href='#' onClick='toggleBox("stack-trace1297836716", this, "Click to show all stack frames", "Click to hide stack frames")'>Click to show all stack frames</a>
<div class='stack-trace' id='stack-trace1297836716'><pre>java.lang.AssertionError: expected [Hello world] but found [Hello]
	at org.testng.Assert.fail(Assert.java:111)
	at org.testng.Assert.failNotEquals(Assert.java:1590)
	at org.testng.Assert.assertEqualsImpl(Assert.java:150)
	at org.testng.Assert.assertEquals(Assert.java:132)
	at org.testng.Assert.assertEquals(Assert.java:656)
	at org.testng.Assert.assertEquals(Assert.java:666)
	at testNGDemo.TestScenario4.third_testcase(TestScenario4.java:22)
	at java.base/jdk.internal.reflect.DirectMethodHandleAccessor.invoke(DirectMethodHandleAccessor.java:104)
	at java.base/java.lang.reflect.Method.invoke(Method.java:565)
	at org.testng.internal.invokers.MethodInvocationHelper.invokeMethod(MethodInvocationHelper.java:141)
	at org.testng.internal.invokers.TestInvoker.invokeMethod(TestInvoker.java:687)
	at org.testng.internal.invokers.TestInvoker.invokeTestMethod(TestInvoker.java:230)
	at org.testng.internal.invokers.MethodRunner.runInSequence(MethodRunner.java:63)
	at org.testng.internal.invokers.TestInvoker$MethodInvocationAgent.invoke(TestInvoker.java:995)
	at org.testng.internal.invokers.TestInvoker.invokeTestMethods(TestInvoker.java:203)
	at org.testng.internal.invokers.TestMethodWorker.invokeTestMethods(TestMethodWorker.java:154)
	at org.testng.internal.invokers.TestMethodWorker.run(TestMethodWorker.java:134)
	at java.base/java.util.ArrayList.forEach(ArrayList.java:1604)
	at org.testng.TestRunner.privateRun(TestRunner.java:741)
	at org.testng.TestRunner.run(TestRunner.java:616)
	at org.testng.SuiteRunner.runTest(SuiteRunner.java:421)
	at org.testng.SuiteRunner.runSequentially(SuiteRunner.java:413)
	at org.testng.SuiteRunner.privateRun(SuiteRunner.java:373)
	at org.testng.SuiteRunner.run(SuiteRunner.java:312)
	at org.testng.SuiteRunnerWorker.runSuite(SuiteRunnerWorker.java:52)
	at org.testng.SuiteRunnerWorker.run(SuiteRunnerWorker.java:95)
	at org.testng.TestNG.runSuitesSequentially(TestNG.java:1274)
	at org.testng.TestNG.runSuitesLocally(TestNG.java:1208)
	at org.testng.TestNG.runSuites(TestNG.java:1112)
	at org.testng.TestNG.run(TestNG.java:1079)
	at org.testng.remote.AbstractRemoteTestNG.run(AbstractRemoteTestNG.java:115)
	at org.testng.remote.RemoteTestNG.initAndRun(RemoteTestNG.java:293)
	at org.testng.remote.RemoteTestNG.main(RemoteTestNG.java:91)
</pre></div></td>
<td>0</td>
<td>testNGDemo.TestScenario4@327514f</td></tr>
<tr>
<td title='testNGDemo.TestScenario4.second_testcase()'><b>second_testcase</b><br>Test class: testNGDemo.TestScenario4</td>
<td><div><pre>java.lang.AssertionError: expected [Hello world] but found [Hello]
	at testNGDemo.TestScenario4.second_testcase(TestScenario4.java:16)
	at java.base/java.util.ArrayList.forEach(ArrayList.java:1604)
... Removed 31 stack frames</pre></div><a href='#' onClick='toggleBox("stack-trace1866875501", this, "Click to show all stack frames", "Click to hide stack frames")'>Click to show all stack frames</a>
<div class='stack-trace' id='stack-trace1866875501'><pre>java.lang.AssertionError: expected [Hello world] but found [Hello]
	at org.testng.Assert.fail(Assert.java:111)
	at org.testng.Assert.failNotEquals(Assert.java:1590)
	at org.testng.Assert.assertEqualsImpl(Assert.java:150)
	at org.testng.Assert.assertEquals(Assert.java:132)
	at org.testng.Assert.assertEquals(Assert.java:656)
	at org.testng.Assert.assertEquals(Assert.java:666)
	at testNGDemo.TestScenario4.second_testcase(TestScenario4.java:16)
	at java.base/jdk.internal.reflect.DirectMethodHandleAccessor.invoke(DirectMethodHandleAccessor.java:104)
	at java.base/java.lang.reflect.Method.invoke(Method.java:565)
	at org.testng.internal.invokers.MethodInvocationHelper.invokeMethod(MethodInvocationHelper.java:141)
	at org.testng.internal.invokers.TestInvoker.invokeMethod(TestInvoker.java:687)
	at org.testng.internal.invokers.TestInvoker.invokeTestMethod(TestInvoker.java:230)
	at org.testng.internal.invokers.MethodRunner.runInSequence(MethodRunner.java:63)
	at org.testng.internal.invokers.TestInvoker$MethodInvocationAgent.invoke(TestInvoker.java:995)
	at org.testng.internal.invokers.TestInvoker.invokeTestMethods(TestInvoker.java:203)
	at org.testng.internal.invokers.TestMethodWorker.invokeTestMethods(TestMethodWorker.java:154)
	at org.testng.internal.invokers.TestMethodWorker.run(TestMethodWorker.java:134)
	at java.base/java.util.ArrayList.forEach(ArrayList.java:1604)
	at org.testng.TestRunner.privateRun(TestRunner.java:741)
	at org.testng.TestRunner.run(TestRunner.java:616)
	at org.testng.SuiteRunner.runTest(SuiteRunner.java:421)
	at org.testng.SuiteRunner.runSequentially(SuiteRunner.java:413)
	at org.testng.SuiteRunner.privateRun(SuiteRunner.java:373)
	at org.testng.SuiteRunner.run(SuiteRunner.java:312)
	at org.testng.SuiteRunnerWorker.runSuite(SuiteRunnerWorker.java:52)
	at org.testng.SuiteRunnerWorker.run(SuiteRunnerWorker.java:95)
	at org.testng.TestNG.runSuitesSequentially(TestNG.java:1274)
	at org.testng.TestNG.runSuitesLocally(TestNG.java:1208)
	at org.testng.TestNG.runSuites(TestNG.java:1112)
	at org.testng.TestNG.run(TestNG.java:1079)
	at org.testng.remote.AbstractRemoteTestNG.run(AbstractRemoteTestNG.java:115)
	at org.testng.remote.RemoteTestNG.initAndRun(RemoteTestNG.java:293)
	at org.testng.remote.RemoteTestNG.main(RemoteTestNG.java:91)
</pre></div></td>
<td>0</td>
<td>testNGDemo.TestScenario4@327514f</td></tr>
<tr>
<td title='org.xyz.automation.project.CalendarDemo.iconbasedcalendar()'><b>iconbasedcalendar</b><br>Test class: org.xyz.automation.project.CalendarDemo</td>
<td><div><pre>org.openqa.selenium.WebDriverException: Reached error page: about:neterror?e=nssFailure2&amp;u=https%3A//www.makemytrip.com/&amp;c=UTF-8&amp;d=The%20connection%20to%20www.makemytrip.com%20was%20interrupted%20while%20the%20page%20was%20loading.
Build info: version: &apos;4.38.0&apos;, revision: &apos;6b412e825c*&apos;
System info: os.name: &apos;Windows 10&apos;, os.arch: &apos;amd64&apos;, os.version: &apos;10.0&apos;, java.version: &apos;25&apos;
Driver info: org.openqa.selenium.firefox.FirefoxDriver
Command: [457e1205-db7a-4a15-b214-a2eebd747488, get {url=https://www.makemytrip.com}]
Capabilities {acceptInsecureCerts: true, browserName: firefox, browserVersion: 144.0.2, moz:accessibilityChecks: false, moz:buildID: 20251027123126, moz:geckodriverVersion: 0.36.0, moz:headless: false, moz:platformVersion: 10.0, moz:processID: 11760, moz:profile: C:\Users\karth\AppData\Loca..., moz:shutdownTimeout: 60000, moz:webdriverClick: true, moz:windowless: false, pageLoadStrategy: normal, platformName: windows, proxy: Proxy(), setWindowRect: true, strictFileInteractability: false, timeouts: {implicit: 0, pageLoad: 300000, script: 30000}, unhandledPromptBehavior: dismiss and notify, userAgent: Mozilla/5.0 (Windows NT 10....}
Session ID: 457e1205-db7a-4a15-b214-a2eebd747488
	at org.openqa.selenium.remote.ErrorCodec.decode(ErrorCodec.java:167)
	at org.openqa.selenium.remote.codec.w3c.W3CHttpResponseCodec.decode(W3CHttpResponseCodec.java:138)
	at org.openqa.selenium.remote.codec.w3c.W3CHttpResponseCodec.decode(W3CHttpResponseCodec.java:50)
	at org.openqa.selenium.remote.HttpCommandExecutor.execute(HttpCommandExecutor.java:215)
	at org.openqa.selenium.remote.service.DriverCommandExecutor.invokeExecute(DriverCommandExecutor.java:216)
	at org.openqa.selenium.remote.service.DriverCommandExecutor.execute(DriverCommandExecutor.java:174)
	at org.openqa.selenium.remote.RemoteWebDriver.execute(RemoteWebDriver.java:557)
	at org.openqa.selenium.remote.RemoteWebDriver.get(RemoteWebDriver.java:325)
	at org.xyz.automation.project.CalendarDemo.iconbasedcalendar(CalendarDemo.java:18)
	at java.base/java.util.ArrayList.forEach(ArrayList.java:1604)
... Removed 28 stack frames</pre></div><a href='#' onClick='toggleBox("stack-trace1112527632", this, "Click to show all stack frames", "Click to hide stack frames")'>Click to show all stack frames</a>
<div class='stack-trace' id='stack-trace1112527632'><pre>org.openqa.selenium.WebDriverException: Reached error page: about:neterror?e=nssFailure2&amp;u=https%3A//www.makemytrip.com/&amp;c=UTF-8&amp;d=The%20connection%20to%20www.makemytrip.com%20was%20interrupted%20while%20the%20page%20was%20loading.
Build info: version: &apos;4.38.0&apos;, revision: &apos;6b412e825c*&apos;
System info: os.name: &apos;Windows 10&apos;, os.arch: &apos;amd64&apos;, os.version: &apos;10.0&apos;, java.version: &apos;25&apos;
Driver info: org.openqa.selenium.firefox.FirefoxDriver
Command: [457e1205-db7a-4a15-b214-a2eebd747488, get {url=https://www.makemytrip.com}]
Capabilities {acceptInsecureCerts: true, browserName: firefox, browserVersion: 144.0.2, moz:accessibilityChecks: false, moz:buildID: 20251027123126, moz:geckodriverVersion: 0.36.0, moz:headless: false, moz:platformVersion: 10.0, moz:processID: 11760, moz:profile: C:\Users\karth\AppData\Loca..., moz:shutdownTimeout: 60000, moz:webdriverClick: true, moz:windowless: false, pageLoadStrategy: normal, platformName: windows, proxy: Proxy(), setWindowRect: true, strictFileInteractability: false, timeouts: {implicit: 0, pageLoad: 300000, script: 30000}, unhandledPromptBehavior: dismiss and notify, userAgent: Mozilla/5.0 (Windows NT 10....}
Session ID: 457e1205-db7a-4a15-b214-a2eebd747488
	at java.base/jdk.internal.reflect.DirectConstructorHandleAccessor.newInstance(DirectConstructorHandleAccessor.java:62)
	at java.base/java.lang.reflect.Constructor.newInstanceWithCaller(Constructor.java:499)
	at java.base/java.lang.reflect.Constructor.newInstance(Constructor.java:483)
	at org.openqa.selenium.remote.ErrorCodec.decode(ErrorCodec.java:167)
	at org.openqa.selenium.remote.codec.w3c.W3CHttpResponseCodec.decode(W3CHttpResponseCodec.java:138)
	at org.openqa.selenium.remote.codec.w3c.W3CHttpResponseCodec.decode(W3CHttpResponseCodec.java:50)
	at org.openqa.selenium.remote.HttpCommandExecutor.execute(HttpCommandExecutor.java:215)
	at org.openqa.selenium.remote.service.DriverCommandExecutor.invokeExecute(DriverCommandExecutor.java:216)
	at org.openqa.selenium.remote.service.DriverCommandExecutor.execute(DriverCommandExecutor.java:174)
	at org.openqa.selenium.remote.RemoteWebDriver.execute(RemoteWebDriver.java:557)
	at org.openqa.selenium.remote.RemoteWebDriver.get(RemoteWebDriver.java:325)
	at org.xyz.automation.project.CalendarDemo.iconbasedcalendar(CalendarDemo.java:18)
	at java.base/jdk.internal.reflect.DirectMethodHandleAccessor.invoke(DirectMethodHandleAccessor.java:104)
	at java.base/java.lang.reflect.Method.invoke(Method.java:565)
	at org.testng.internal.invokers.MethodInvocationHelper.invokeMethod(MethodInvocationHelper.java:141)
	at org.testng.internal.invokers.TestInvoker.invokeMethod(TestInvoker.java:687)
	at org.testng.internal.invokers.TestInvoker.invokeTestMethod(TestInvoker.java:230)
	at org.testng.internal.invokers.MethodRunner.runInSequence(MethodRunner.java:63)
	at org.testng.internal.invokers.TestInvoker$MethodInvocationAgent.invoke(TestInvoker.java:995)
	at org.testng.internal.invokers.TestInvoker.invokeTestMethods(TestInvoker.java:203)
	at org.testng.internal.invokers.TestMethodWorker.invokeTestMethods(TestMethodWorker.java:154)
	at org.testng.internal.invokers.TestMethodWorker.run(TestMethodWorker.java:134)
	at java.base/java.util.ArrayList.forEach(ArrayList.java:1604)
	at org.testng.TestRunner.privateRun(TestRunner.java:741)
	at org.testng.TestRunner.run(TestRunner.java:616)
	at org.testng.SuiteRunner.runTest(SuiteRunner.java:421)
	at org.testng.SuiteRunner.runSequentially(SuiteRunner.java:413)
	at org.testng.SuiteRunner.privateRun(SuiteRunner.java:373)
	at org.testng.SuiteRunner.run(SuiteRunner.java:312)
	at org.testng.SuiteRunnerWorker.runSuite(SuiteRunnerWorker.java:52)
	at org.testng.SuiteRunnerWorker.run(SuiteRunnerWorker.java:95)
	at org.testng.TestNG.runSuitesSequentially(TestNG.java:1274)
	at org.testng.TestNG.runSuitesLocally(TestNG.java:1208)
	at org.testng.TestNG.runSuites(TestNG.java:1112)
	at org.testng.TestNG.run(TestNG.java:1079)
	at org.testng.remote.AbstractRemoteTestNG.run(AbstractRemoteTestNG.java:115)
	at org.testng.remote.RemoteTestNG.initAndRun(RemoteTestNG.java:293)
	at org.testng.remote.RemoteTestNG.main(RemoteTestNG.java:91)
</pre></div></td>
<td>4</td>
<td>org.xyz.automation.project.CalendarDemo@5542c4ed</td></tr>
</table><p>
<table width='100%' border='1' class='invocation-passed'>
<tr><td colspan='4' align='center'><b>PASSED TESTS</b></td></tr>
<tr><td><b>Test method</b></td>
<td><b>Attribute(s)</b></td>
<td width="30%"><b>Exception</b></td>
<td width="10%"><b>Time (seconds)</b></td>
<td><b>Instance</b></td>
</tr>
<tr>
<td title='testNGDemo.TestScenario9.sixth_testcase()'><b>sixth_testcase</b><br>Test class: testNGDemo.TestScenario9</td>
<td></td>
<td>0</td>
<td>testNGDemo.TestScenario9@1573f9fc</td></tr>
<tr>
<td title='testNGDemo.TestScenario5.fifth_testcase()'><b>fifth_testcase</b><br>Test class: testNGDemo.TestScenario5</td>
<td></td>
<td>0</td>
<td>testNGDemo.TestScenario5@4c402120</td></tr>
<tr>
<td title='testNGDemo.TestScenario6.seventh_testcase()'><b>seventh_testcase</b><br>Test class: testNGDemo.TestScenario6</td>
<td></td>
<td>0</td>
<td>testNGDemo.TestScenario6@2d1ef81a</td></tr>
<tr>
<td title='testNGDemo.TestScenario9.fifth_testcase()'><b>fifth_testcase</b><br>Test class: testNGDemo.TestScenario9</td>
<td></td>
<td>0</td>
<td>testNGDemo.TestScenario9@1573f9fc</td></tr>
<tr>
<td title='testNGDemo.TestScenario8.fifth_testcase()'><b>fifth_testcase</b><br>Test class: testNGDemo.TestScenario8</td>
<td></td>
<td>0</td>
<td>testNGDemo.TestScenario8@6150c3ec</td></tr>
<tr>
<td title='testNGDemo.TestScenario8.second_testcase()'><b>second_testcase</b><br>Test class: testNGDemo.TestScenario8</td>
<td></td>
<td>0</td>
<td>testNGDemo.TestScenario8@6150c3ec</td></tr>
<tr>
<td title='testNGDemo.TestScenario2.forth_testcase()'><b>forth_testcase</b><br>Test class: testNGDemo.TestScenario2</td>
<td></td>
<td>0</td>
<td>testNGDemo.TestScenario2@3b69e7d1</td></tr>
<tr>
<td title='testNGDemo.TestScenario2.third_testcase()'><b>third_testcase</b><br>Test class: testNGDemo.TestScenario2</td>
<td></td>
<td>0</td>
<td>testNGDemo.TestScenario2@3b69e7d1</td></tr>
<tr>
<td title='testNGDemo.TestScenario10.seventh_testcase()'><b>seventh_testcase</b><br>Test class: testNGDemo.TestScenario10</td>
<td></td>
<td>0</td>
<td>testNGDemo.TestScenario10@815b41f</td></tr>
<tr>
<td title='testNGDemo.TestScenario10.third_testcase()'><b>third_testcase</b><br>Test class: testNGDemo.TestScenario10</td>
<td></td>
<td>0</td>
<td>testNGDemo.TestScenario10@815b41f</td></tr>
<tr>
<td title='testNGDemo.TestScenario4.first_testcase()'><b>first_testcase</b><br>Test class: testNGDemo.TestScenario4</td>
<td></td>
<td>0</td>
<td>testNGDemo.TestScenario4@327514f</td></tr>
<tr>
<td title='testNGDemo.TestScenario5.sixth_testcase()'><b>sixth_testcase</b><br>Test class: testNGDemo.TestScenario5</td>
<td></td>
<td>0</td>
<td>testNGDemo.TestScenario5@4c402120</td></tr>
<tr>
<td title='testNGDemo.TestScenario.second_testcase()'><b>second_testcase</b><br>Test class: testNGDemo.TestScenario</td>
<td></td>
<td>0</td>
<td>testNGDemo.TestScenario@4c12331b</td></tr>
<tr>
<td title='testNGDemo.TestScenario2.sixth_testcase()'><b>sixth_testcase</b><br>Test class: testNGDemo.TestScenario2</td>
<td></td>
<td>0</td>
<td>testNGDemo.TestScenario2@3b69e7d1</td></tr>
<tr>
<td title='testNGDemo.TestScenario3.second_testcase()'><b>second_testcase</b><br>Test class: testNGDemo.TestScenario3</td>
<td></td>
<td>0</td>
<td>testNGDemo.TestScenario3@7586beff</td></tr>
<tr>
<td title='testNGDemo.TestScenario6.fifth_testcase()'><b>fifth_testcase</b><br>Test class: testNGDemo.TestScenario6</td>
<td></td>
<td>0</td>
<td>testNGDemo.TestScenario6@2d1ef81a</td></tr>
<tr>
<td title='testNGDemo.TestScenario.forth_testcase()'><b>forth_testcase</b><br>Test class: testNGDemo.TestScenario</td>
<td></td>
<td>0</td>
<td>testNGDemo.TestScenario@4c12331b</td></tr>
<tr>
<td title='testNGDemo.TestScenario8.first_testcase()'><b>first_testcase</b><br>Test class: testNGDemo.TestScenario8</td>
<td></td>
<td>0</td>
<td>testNGDemo.TestScenario8@6150c3ec</td></tr>
<tr>
<td title='testNGDemo.TestScenario7.sixth_testcase()'><b>sixth_testcase</b><br>Test class: testNGDemo.TestScenario7</td>
<td></td>
<td>0</td>
<td>testNGDemo.TestScenario7@43bc63a3</td></tr>
<tr>
<td title='testNGDemo.TestScenario5.third_testcase()'><b>third_testcase</b><br>Test class: testNGDemo.TestScenario5</td>
<td></td>
<td>0</td>
<td>testNGDemo.TestScenario5@4c402120</td></tr>
<tr>
<td title='testNGDemo.TestScenario4.forth_testcase()'><b>forth_testcase</b><br>Test class: testNGDemo.TestScenario4</td>
<td></td>
<td>0</td>
<td>testNGDemo.TestScenario4@327514f</td></tr>
<tr>
<td title='testNGDemo.TestScenario8.sixth_testcase()'><b>sixth_testcase</b><br>Test class: testNGDemo.TestScenario8</td>
<td></td>
<td>0</td>
<td>testNGDemo.TestScenario8@6150c3ec</td></tr>
<tr>
<td title='testNGDemo.TestScenario8.third_testcase()'><b>third_testcase</b><br>Test class: testNGDemo.TestScenario8</td>
<td></td>
<td>0</td>
<td>testNGDemo.TestScenario8@6150c3ec</td></tr>
<tr>
<td title='testNGDemo.TestScenario2.fifth_testcase()'><b>fifth_testcase</b><br>Test class: testNGDemo.TestScenario2</td>
<td></td>
<td>0</td>
<td>testNGDemo.TestScenario2@3b69e7d1</td></tr>
<tr>
<td title='testNGDemo.TestScenario9.first_testcase()'><b>first_testcase</b><br>Test class: testNGDemo.TestScenario9</td>
<td></td>
<td>0</td>
<td>testNGDemo.TestScenario9@1573f9fc</td></tr>
<tr>
<td title='testNGDemo.TestScenario6.third_testcase()'><b>third_testcase</b><br>Test class: testNGDemo.TestScenario6</td>
<td></td>
<td>0</td>
<td>testNGDemo.TestScenario6@2d1ef81a</td></tr>
<tr>
<td title='testNGDemo.TestScenario10.sixth_testcase()'><b>sixth_testcase</b><br>Test class: testNGDemo.TestScenario10</td>
<td></td>
<td>0</td>
<td>testNGDemo.TestScenario10@815b41f</td></tr>
<tr>
<td title='testNGDemo.TestScenario7.fifth_testcase()'><b>fifth_testcase</b><br>Test class: testNGDemo.TestScenario7</td>
<td></td>
<td>0</td>
<td>testNGDemo.TestScenario7@43bc63a3</td></tr>
<tr>
<td title='testNGDemo.TestScenario4.fifth_testcase()'><b>fifth_testcase</b><br>Test class: testNGDemo.TestScenario4</td>
<td></td>
<td>0</td>
<td>testNGDemo.TestScenario4@327514f</td></tr>
<tr>
<td title='testNGDemo.TestScenario5.second_testcase()'><b>second_testcase</b><br>Test class: testNGDemo.TestScenario5</td>
<td></td>
<td>0</td>
<td>testNGDemo.TestScenario5@4c402120</td></tr>
<tr>
<td title='testNGDemo.TestScenario10.forth_testcase()'><b>forth_testcase</b><br>Test class: testNGDemo.TestScenario10</td>
<td></td>
<td>0</td>
<td>testNGDemo.TestScenario10@815b41f</td></tr>
<tr>
<td title='testNGDemo.TestScenario9.forth_testcase()'><b>forth_testcase</b><br>Test class: testNGDemo.TestScenario9</td>
<td></td>
<td>0</td>
<td>testNGDemo.TestScenario9@1573f9fc</td></tr>
<tr>
<td title='testNGDemo.TestScenario9.third_testcase()'><b>third_testcase</b><br>Test class: testNGDemo.TestScenario9</td>
<td></td>
<td>0</td>
<td>testNGDemo.TestScenario9@1573f9fc</td></tr>
<tr>
<td title='testNGDemo.TestScenario3.first_testcase()'><b>first_testcase</b><br>Test class: testNGDemo.TestScenario3</td>
<td></td>
<td>0</td>
<td>testNGDemo.TestScenario3@7586beff</td></tr>
<tr>
<td title='testNGDemo.TestScenario4.sixth_testcase()'><b>sixth_testcase</b><br>Test class: testNGDemo.TestScenario4</td>
<td></td>
<td>0</td>
<td>testNGDemo.TestScenario4@327514f</td></tr>
<tr>
<td title='testNGDemo.TestScenario.fifth_testcase()'><b>fifth_testcase</b><br>Test class: testNGDemo.TestScenario</td>
<td></td>
<td>0</td>
<td>testNGDemo.TestScenario@4c12331b</td></tr>
<tr>
<td title='org.xyz.automation.project.HandleKBMouseWindows.handleKeyboard()'><b>handleKeyboard</b><br>Test class: org.xyz.automation.project.HandleKBMouseWindows</td>
<td></td>
<td>5</td>
<td>org.xyz.automation.project.HandleKBMouseWindows@44c03695</td></tr>
<tr>
<td title='testNGDemo.TestScenario7.seventh_testcase()'><b>seventh_testcase</b><br>Test class: testNGDemo.TestScenario7</td>
<td></td>
<td>0</td>
<td>testNGDemo.TestScenario7@43bc63a3</td></tr>
<tr>
<td title='testNGDemo.TestScenario9.second_testcase()'><b>second_testcase</b><br>Test class: testNGDemo.TestScenario9</td>
<td></td>
<td>0</td>
<td>testNGDemo.TestScenario9@1573f9fc</td></tr>
<tr>
<td title='testNGDemo.TestScenario3.third_testcase()'><b>third_testcase</b><br>Test class: testNGDemo.TestScenario3</td>
<td></td>
<td>0</td>
<td>testNGDemo.TestScenario3@7586beff</td></tr>
<tr>
<td title='testNGDemo.TestScenario6.sixth_testcase()'><b>sixth_testcase</b><br>Test class: testNGDemo.TestScenario6</td>
<td></td>
<td>0</td>
<td>testNGDemo.TestScenario6@2d1ef81a</td></tr>
<tr>
<td title='testNGDemo.TestScenario2.seventh_testcase()'><b>seventh_testcase</b><br>Test class: testNGDemo.TestScenario2</td>
<td></td>
<td>0</td>
<td>testNGDemo.TestScenario2@3b69e7d1</td></tr>
<tr>
<td title='testNGDemo.TestScenario7.forth_testcase()'><b>forth_testcase</b><br>Test class: testNGDemo.TestScenario7</td>
<td></td>
<td>0</td>
<td>testNGDemo.TestScenario7@43bc63a3</td></tr>
<tr>
<td title='testNGDemo.TestScenario5.forth_testcase()'><b>forth_testcase</b><br>Test class: testNGDemo.TestScenario5</td>
<td></td>
<td>0</td>
<td>testNGDemo.TestScenario5@4c402120</td></tr>
<tr>
<td title='testNGDemo.TestScenario3.fifth_testcase()'><b>fifth_testcase</b><br>Test class: testNGDemo.TestScenario3</td>
<td></td>
<td>0</td>
<td>testNGDemo.TestScenario3@7586beff</td></tr>
<tr>
<td title='testNGDemo.TestScenario3.forth_testcase()'><b>forth_testcase</b><br>Test class: testNGDemo.TestScenario3</td>
<td></td>
<td>0</td>
<td>testNGDemo.TestScenario3@7586beff</td></tr>
<tr>
<td title='testNGDemo.TestScenario3.sixth_testcase()'><b>sixth_testcase</b><br>Test class: testNGDemo.TestScenario3</td>
<td></td>
<td>0</td>
<td>testNGDemo.TestScenario3@7586beff</td></tr>
<tr>
<td title='testNGDemo.TestScenario9.seventh_testcase()'><b>seventh_testcase</b><br>Test class: testNGDemo.TestScenario9</td>
<td></td>
<td>0</td>
<td>testNGDemo.TestScenario9@1573f9fc</td></tr>
<tr>
<td title='testNGDemo.TestScenario.seventh_testcase()'><b>seventh_testcase</b><br>Test class: testNGDemo.TestScenario</td>
<td></td>
<td>0</td>
<td>testNGDemo.TestScenario@4c12331b</td></tr>
<tr>
<td title='testNGDemo.TestScenario10.fifth_testcase()'><b>fifth_testcase</b><br>Test class: testNGDemo.TestScenario10</td>
<td></td>
<td>0</td>
<td>testNGDemo.TestScenario10@815b41f</td></tr>
<tr>
<td title='testNGDemo.TestScenario3.seventh_testcase()'><b>seventh_testcase</b><br>Test class: testNGDemo.TestScenario3</td>
<td></td>
<td>0</td>
<td>testNGDemo.TestScenario3@7586beff</td></tr>
<tr>
<td title='testNGDemo.TestScenario7.second_testcase()'><b>second_testcase</b><br>Test class: testNGDemo.TestScenario7</td>
<td></td>
<td>0</td>
<td>testNGDemo.TestScenario7@43bc63a3</td></tr>
<tr>
<td title='testNGDemo.TestScenario5.seventh_testcase()'><b>seventh_testcase</b><br>Test class: testNGDemo.TestScenario5</td>
<td></td>
<td>0</td>
<td>testNGDemo.TestScenario5@4c402120</td></tr>
<tr>
<td title='testNGDemo.TestScenario2.second_testcase()'><b>second_testcase</b><br>Test class: testNGDemo.TestScenario2</td>
<td></td>
<td>0</td>
<td>testNGDemo.TestScenario2@3b69e7d1</td></tr>
<tr>
<td title='testNGDemo.TestScenario6.second_testcase()'><b>second_testcase</b><br>Test class: testNGDemo.TestScenario6</td>
<td></td>
<td>0</td>
<td>testNGDemo.TestScenario6@2d1ef81a</td></tr>
<tr>
<td title='testNGDemo.TestScenario4.seventh_testcase()'><b>seventh_testcase</b><br>Test class: testNGDemo.TestScenario4</td>
<td></td>
<td>0</td>
<td>testNGDemo.TestScenario4@327514f</td></tr>
<tr>
<td title='testNGDemo.TestScenario2.first_testcase()'><b>first_testcase</b><br>Test class: testNGDemo.TestScenario2</td>
<td></td>
<td>0</td>
<td>testNGDemo.TestScenario2@3b69e7d1</td></tr>
<tr>
<td title='testNGDemo.TestScenario5.first_testcase()'><b>first_testcase</b><br>Test class: testNGDemo.TestScenario5</td>
<td></td>
<td>0</td>
<td>testNGDemo.TestScenario5@4c402120</td></tr>
<tr>
<td title='testNGDemo.TestScenario.first_testcase()'><b>first_testcase</b><br>Test class: testNGDemo.TestScenario</td>
<td></td>
<td>0</td>
<td>testNGDemo.TestScenario@4c12331b</td></tr>
<tr>
<td title='testNGDemo.TestScenario8.seventh_testcase()'><b>seventh_testcase</b><br>Test class: testNGDemo.TestScenario8</td>
<td></td>
<td>0</td>
<td>testNGDemo.TestScenario8@6150c3ec</td></tr>
<tr>
<td title='testNGDemo.TestScenario10.first_testcase()'><b>first_testcase</b><br>Test class: testNGDemo.TestScenario10</td>
<td></td>
<td>0</td>
<td>testNGDemo.TestScenario10@815b41f</td></tr>
<tr>
<td title='testNGDemo.TestScenario7.third_testcase()'><b>third_testcase</b><br>Test class: testNGDemo.TestScenario7</td>
<td></td>
<td>0</td>
<td>testNGDemo.TestScenario7@43bc63a3</td></tr>
<tr>
<td title='testNGDemo.TestScenario10.second_testcase()'><b>second_testcase</b><br>Test class: testNGDemo.TestScenario10</td>
<td></td>
<td>0</td>
<td>testNGDemo.TestScenario10@815b41f</td></tr>
<tr>
<td title='testNGDemo.TestScenario6.first_testcase()'><b>first_testcase</b><br>Test class: testNGDemo.TestScenario6</td>
<td></td>
<td>0</td>
<td>testNGDemo.TestScenario6@2d1ef81a</td></tr>
<tr>
<td title='testNGDemo.TestScenario8.forth_testcase()'><b>forth_testcase</b><br>Test class: testNGDemo.TestScenario8</td>
<td></td>
<td>0</td>
<td>testNGDemo.TestScenario8@6150c3ec</td></tr>
<tr>
<td title='testNGDemo.TestScenario7.first_testcase()'><b>first_testcase</b><br>Test class: testNGDemo.TestScenario7</td>
<td></td>
<td>0</td>
<td>testNGDemo.TestScenario7@43bc63a3</td></tr>
<tr>
<td title='testNGDemo.TestScenario6.forth_testcase()'><b>forth_testcase</b><br>Test class: testNGDemo.TestScenario6</td>
<td></td>
<td>0</td>
<td>testNGDemo.TestScenario6@2d1ef81a</td></tr>
<tr>
<td title='testNGDemo.TestScenario.sixth_testcase()'><b>sixth_testcase</b><br>Test class: testNGDemo.TestScenario</td>
<td></td>
<td>0</td>
<td>testNGDemo.TestScenario@4c12331b</td></tr>
</table><p>
</body>
</html>