<?xml version="1.0" encoding="UTF-8"?>
<!-- Generated by org.testng.reporters.JUnitXMLReporter -->
<testsuite ignored="1" hostname="DESKTOP-FPTLG6G" failures="4" tests="72" name="Test" time="10.951" errors="0" timestamp="2025-11-11T18:18:05 EST">
  <testcase classname="testNGDemo.TestScenario7" name="fifth_testcase" time="0.013"/>
  <testcase classname="testNGDemo.TestScenario7" name="first_testcase" time="0.004"/>
  <testcase classname="testNGDemo.TestScenario7" name="forth_testcase" time="0.004"/>
  <testcase classname="testNGDemo.TestScenario7" name="second_testcase" time="0.005"/>
  <testcase classname="testNGDemo.TestScenario7" name="seventh_testcase" time="0.003"/>
  <testcase classname="testNGDemo.TestScenario7" name="sixth_testcase" time="0.013"/>
  <testcase classname="testNGDemo.TestScenario7" name="third_testcase" time="0.007"/>
  <testcase classname="testNGDemo.TestScenario6" name="fifth_testcase" time="0.003"/>
  <testcase classname="testNGDemo.TestScenario6" name="first_testcase" time="0.005"/>
  <testcase classname="testNGDemo.TestScenario6" name="forth_testcase" time="0.002"/>
  <testcase classname="testNGDemo.TestScenario6" name="second_testcase" time="0.002"/>
  <testcase classname="testNGDemo.TestScenario6" name="seventh_testcase" time="0.003"/>
  <testcase classname="testNGDemo.TestScenario6" name="sixth_testcase" time="0.002"/>
  <testcase classname="testNGDemo.TestScenario6" name="third_testcase" time="0.002"/>
  <testcase classname="testNGDemo.TestScenario5" name="fifth_testcase" time="0.002"/>
  <testcase classname="testNGDemo.TestScenario5" name="first_testcase" time="0.005"/>
  <testcase classname="testNGDemo.TestScenario5" name="forth_testcase" time="0.014"/>
  <testcase classname="testNGDemo.TestScenario5" name="second_testcase" time="0.003"/>
  <testcase classname="testNGDemo.TestScenario5" name="seventh_testcase" time="0.001"/>
  <testcase classname="testNGDemo.TestScenario5" name="sixth_testcase" time="0.002"/>
  <testcase classname="testNGDemo.TestScenario5" name="third_testcase" time="0.003"/>
  <testcase classname="testNGDemo.TestScenario4" name="fifth_testcase" time="0.002"/>
  <testcase classname="testNGDemo.TestScenario4" name="first_testcase" time="0.002"/>
  <testcase classname="testNGDemo.TestScenario4" name="forth_testcase" time="0.004"/>
  <testcase classname="testNGDemo.TestScenario4" name="second_testcase" time="0.009">
    <failure type="java.lang.AssertionError" message="expected [Hello world] but found [Hello]">
      <![CDATA[java.lang.AssertionError: expected [Hello world] but found [Hello]
at testNGDemo.TestScenario4.second_testcase(TestScenario4.java:16)
at java.base/java.util.ArrayList.forEach(ArrayList.java:1604)
... Removed 31 stack frames]]>
    </failure>
  </testcase> <!-- second_testcase -->
  <testcase classname="testNGDemo.TestScenario4" name="seventh_testcase" time="0.002"/>
  <testcase classname="testNGDemo.TestScenario4" name="sixth_testcase" time="0.003"/>
  <testcase classname="testNGDemo.TestScenario4" name="third_testcase" time="0.004">
    <failure type="java.lang.AssertionError" message="expected [Hello world] but found [Hello]">
      <![CDATA[java.lang.AssertionError: expected [Hello world] but found [Hello]
at testNGDemo.TestScenario4.third_testcase(TestScenario4.java:22)
at java.base/java.util.ArrayList.forEach(ArrayList.java:1604)
... Removed 31 stack frames]]>
    </failure>
  </testcase> <!-- third_testcase -->
  <testcase classname="testNGDemo.TestScenario" name="seventh_testcase" time="0.003"/>
  <testcase classname="testNGDemo.TestScenario" name="fifth_testcase" time="0.003"/>
  <testcase classname="testNGDemo.TestScenario" name="forth_testcase" time="0.001"/>
  <testcase classname="testNGDemo.TestScenario" name="sixth_testcase" time="0.005"/>
  <testcase classname="testNGDemo.TestScenario" name="third_testcase" time="0.002">
    <failure type="java.lang.AssertionError" message="expected [Hello world] but found [Hello]">
      <![CDATA[java.lang.AssertionError: expected [Hello world] but found [Hello]
at testNGDemo.TestScenario.third_testcase(TestScenario.java:26)
at java.base/java.util.ArrayList.forEach(ArrayList.java:1604)
... Removed 31 stack frames]]>
    </failure>
  </testcase> <!-- third_testcase -->
  <testcase classname="testNGDemo.TestScenario" name="first_testcase" time="0.001"/>
  <testcase classname="testNGDemo.TestScenario" name="second_testcase" time="0.005"/>
  <testcase classname="testNGDemo.TestScenario3" name="fifth_testcase" time="0.001"/>
  <testcase classname="testNGDemo.TestScenario3" name="first_testcase" time="0.001"/>
  <testcase classname="testNGDemo.TestScenario3" name="forth_testcase" time="0.001"/>
  <testcase classname="testNGDemo.TestScenario3" name="second_testcase" time="0.002"/>
  <testcase classname="testNGDemo.TestScenario3" name="seventh_testcase" time="0.002"/>
  <testcase classname="testNGDemo.TestScenario3" name="sixth_testcase" time="0.005"/>
  <testcase classname="testNGDemo.TestScenario3" name="third_testcase" time="0.005"/>
  <testcase classname="testNGDemo.TestScenario2" name="fifth_testcase" time="0.002"/>
  <testcase classname="testNGDemo.TestScenario2" name="first_testcase" time="0.004"/>
  <testcase classname="testNGDemo.TestScenario2" name="forth_testcase" time="0.001"/>
  <testcase classname="testNGDemo.TestScenario2" name="second_testcase" time="0.002"/>
  <testcase classname="testNGDemo.TestScenario2" name="seventh_testcase" time="0.001"/>
  <testcase classname="testNGDemo.TestScenario2" name="sixth_testcase" time="0.001"/>
  <testcase classname="testNGDemo.TestScenario2" name="third_testcase" time="0.003"/>
  <testcase classname="testNGDemo.TestScenario10" name="fifth_testcase" time="0.002"/>
  <testcase classname="testNGDemo.TestScenario10" name="first_testcase" time="0.002"/>
  <testcase classname="testNGDemo.TestScenario10" name="forth_testcase" time="0.003"/>
  <testcase classname="testNGDemo.TestScenario10" name="second_testcase" time="0.002"/>
  <testcase classname="testNGDemo.TestScenario10" name="seventh_testcase" time="0.003"/>
  <testcase classname="testNGDemo.TestScenario10" name="sixth_testcase" time="0.002"/>
  <testcase classname="testNGDemo.TestScenario10" name="third_testcase" time="0.002"/>
  <testcase classname="org.xyz.automation.project.CalendarDemo" name="iconbasedcalendar" time="4.703">
    <failure type="org.openqa.selenium.WebDriverException" message="Reached error page: about:neterror?e=nssFailure2&amp;amp;u=https%3A//www.makemytrip.com/&amp;amp;c=UTF-8&amp;amp;d=The%20connection%20to%20www.makemytrip.com%20was%20interrupted%20while%20the%20page%20was%20loading.
Build info: version: &amp;apos;4.38.0&amp;apos;, revision: &amp;apos;6b412e825c*&amp;apos;
System info: os.name: &amp;apos;Windows 10&amp;apos;, os.arch: &amp;apos;amd64&amp;apos;, os.version: &amp;apos;10.0&amp;apos;, java.version: &amp;apos;25&amp;apos;
Driver info: org.openqa.selenium.firefox.FirefoxDriver
Command: [457e1205-db7a-4a15-b214-a2eebd747488, get {url=https://www.makemytrip.com}]
Capabilities {acceptInsecureCerts: true, browserName: firefox, browserVersion: 144.0.2, moz:accessibilityChecks: false, moz:buildID: 20251027123126, moz:geckodriverVersion: 0.36.0, moz:headless: false, moz:platformVersion: 10.0, moz:processID: 11760, moz:profile: C:\Users\karth\AppData\Loca..., moz:shutdownTimeout: 60000, moz:webdriverClick: true, moz:windowless: false, pageLoadStrategy: normal, platformName: windows, proxy: Proxy(), setWindowRect: true, strictFileInteractability: false, timeouts: {implicit: 0, pageLoad: 300000, script: 30000}, unhandledPromptBehavior: dismiss and notify, userAgent: Mozilla/5.0 (Windows NT 10....}
Session ID: 457e1205-db7a-4a15-b214-a2eebd747488">
      <![CDATA[org.openqa.selenium.WebDriverException: Reached error page: about:neterror?e=nssFailure2&u=https%3A//www.makemytrip.com/&c=UTF-8&d=The%20connection%20to%20www.makemytrip.com%20was%20interrupted%20while%20the%20page%20was%20loading.
Build info: version: '4.38.0', revision: '6b412e825c*'
System info: os.name: 'Windows 10', os.arch: 'amd64', os.version: '10.0', java.version: '25'
Driver info: org.openqa.selenium.firefox.FirefoxDriver
Command: [457e1205-db7a-4a15-b214-a2eebd747488, get {url=https://www.makemytrip.com}]
Capabilities {acceptInsecureCerts: true, browserName: firefox, browserVersion: 144.0.2, moz:accessibilityChecks: false, moz:buildID: 20251027123126, moz:geckodriverVersion: 0.36.0, moz:headless: false, moz:platformVersion: 10.0, moz:processID: 11760, moz:profile: C:\Users\karth\AppData\Loca..., moz:shutdownTimeout: 60000, moz:webdriverClick: true, moz:windowless: false, pageLoadStrategy: normal, platformName: windows, proxy: Proxy(), setWindowRect: true, strictFileInteractability: false, timeouts: {implicit: 0, pageLoad: 300000, script: 30000}, unhandledPromptBehavior: dismiss and notify, userAgent: Mozilla/5.0 (Windows NT 10....}
Session ID: 457e1205-db7a-4a15-b214-a2eebd747488
at org.openqa.selenium.remote.ErrorCodec.decode(ErrorCodec.java:167)
at org.openqa.selenium.remote.codec.w3c.W3CHttpResponseCodec.decode(W3CHttpResponseCodec.java:138)
at org.openqa.selenium.remote.codec.w3c.W3CHttpResponseCodec.decode(W3CHttpResponseCodec.java:50)
at org.openqa.selenium.remote.HttpCommandExecutor.execute(HttpCommandExecutor.java:215)
at org.openqa.selenium.remote.service.DriverCommandExecutor.invokeExecute(DriverCommandExecutor.java:216)
at org.openqa.selenium.remote.service.DriverCommandExecutor.execute(DriverCommandExecutor.java:174)
at org.openqa.selenium.remote.RemoteWebDriver.execute(RemoteWebDriver.java:557)
at org.openqa.selenium.remote.RemoteWebDriver.get(RemoteWebDriver.java:325)
at org.xyz.automation.project.CalendarDemo.iconbasedcalendar(CalendarDemo.java:18)
at java.base/java.util.ArrayList.forEach(ArrayList.java:1604)
... Removed 28 stack frames]]>
    </failure>
  </testcase> <!-- iconbasedcalendar -->
  <testcase classname="testNGDemo.TestScenario9" name="fifth_testcase" time="0.002"/>
  <testcase classname="testNGDemo.TestScenario9" name="first_testcase" time="0.002"/>
  <testcase classname="testNGDemo.TestScenario9" name="forth_testcase" time="0.003"/>
  <testcase classname="testNGDemo.TestScenario9" name="second_testcase" time="0.001"/>
  <testcase classname="testNGDemo.TestScenario9" name="seventh_testcase" time="0.0"/>
  <testcase classname="testNGDemo.TestScenario9" name="sixth_testcase" time="0.004"/>
  <testcase classname="testNGDemo.TestScenario9" name="third_testcase" time="0.001"/>
  <testcase classname="testNGDemo.TestScenario8" name="fifth_testcase" time="0.001"/>
  <testcase classname="testNGDemo.TestScenario8" name="first_testcase" time="0.004"/>
  <testcase classname="testNGDemo.TestScenario8" name="forth_testcase" time="0.005"/>
  <testcase classname="testNGDemo.TestScenario8" name="second_testcase" time="0.004"/>
  <testcase classname="testNGDemo.TestScenario8" name="seventh_testcase" time="0.001"/>
  <testcase classname="testNGDemo.TestScenario8" name="sixth_testcase" time="0.002"/>
  <testcase classname="testNGDemo.TestScenario8" name="third_testcase" time="0.0"/>
  <testcase classname="org.xyz.automation.project.HandleKBMouseWindows" name="handleKeyboard" time="5.564"/>
  <testcase classname="org.xyz.automation.project.CalendarDemo" name="textbasedcalendar" time="0.0">
    <ignored/>
  </testcase> <!-- textbasedcalendar -->
</testsuite> <!-- Test -->
