<?xml version="1.0" encoding="UTF-8"?>
<!-- Generated by org.testng.reporters.JUnitXMLReporter -->
<testsuite ignored="11" hostname="DESKTOP-FPTLG6G" failures="3" tests="3" name="Test(failed)" time="0.125" errors="0" timestamp="2025-10-28T16:24:36 EDT">
  <testcase classname="testNGDemo.TestScenario" name="third_testcase" time="0.029">
    <failure type="java.lang.AssertionError" message="expected [Hello world] but found [Hello]">
      <![CDATA[java.lang.AssertionError: expected [Hello world] but found [Hello]
at testNGDemo.TestScenario.third_testcase(TestScenario.java:26)
at java.base/java.util.ArrayList.forEach(ArrayList.java:1604)
... Removed 31 stack frames]]>
    </failure>
  </testcase> <!-- third_testcase -->
  <testcase classname="testNGDemo.TestScenario4" name="third_testcase" time="0.007">
    <failure type="java.lang.AssertionError" message="expected [Hello world] but found [Hello]">
      <![CDATA[java.lang.AssertionError: expected [Hello world] but found [Hello]
at testNGDemo.TestScenario4.third_testcase(TestScenario4.java:22)
at java.base/java.util.ArrayList.forEach(ArrayList.java:1604)
... Removed 31 stack frames]]>
    </failure>
  </testcase> <!-- third_testcase -->
  <testcase classname="testNGDemo.TestScenario4" name="second_testcase" time="0.005">
    <failure type="java.lang.AssertionError" message="expected [Hello world] but found [Hello]">
      <![CDATA[java.lang.AssertionError: expected [Hello world] but found [Hello]
at testNGDemo.TestScenario4.second_testcase(TestScenario4.java:16)
at java.base/java.util.ArrayList.forEach(ArrayList.java:1604)
... Removed 31 stack frames]]>
    </failure>
  </testcase> <!-- second_testcase -->
  <testcase classname="testNGDemo.TestScenario" name="forth_testcase" time="0.0">
    <ignored/>
  </testcase> <!-- forth_testcase -->
  <testcase classname="testNGDemo.TestScenario4" name="first_testcase" time="0.0">
    <ignored/>
  </testcase> <!-- first_testcase -->
  <testcase classname="testNGDemo.TestScenario" name="sixth_testcase" time="0.0">
    <ignored/>
  </testcase> <!-- sixth_testcase -->
  <testcase classname="testNGDemo.TestScenario4" name="seventh_testcase" time="0.0">
    <ignored/>
  </testcase> <!-- seventh_testcase -->
  <testcase classname="testNGDemo.TestScenario" name="seventh_testcase" time="0.0">
    <ignored/>
  </testcase> <!-- seventh_testcase -->
  <testcase classname="testNGDemo.TestScenario" name="second_testcase" time="0.0">
    <ignored/>
  </testcase> <!-- second_testcase -->
  <testcase classname="testNGDemo.TestScenario" name="fifth_testcase" time="0.0">
    <ignored/>
  </testcase> <!-- fifth_testcase -->
  <testcase classname="testNGDemo.TestScenario" name="first_testcase" time="0.0">
    <ignored/>
  </testcase> <!-- first_testcase -->
  <testcase classname="testNGDemo.TestScenario4" name="forth_testcase" time="0.0">
    <ignored/>
  </testcase> <!-- forth_testcase -->
  <testcase classname="testNGDemo.TestScenario4" name="fifth_testcase" time="0.0">
    <ignored/>
  </testcase> <!-- fifth_testcase -->
  <testcase classname="testNGDemo.TestScenario4" name="sixth_testcase" time="0.0">
    <ignored/>
  </testcase> <!-- sixth_testcase -->
</testsuite> <!-- Test(failed) -->
