<?xml version="1.0" encoding="UTF-8"?>
<testsuite name="Test"
           tests="7"
           failures="0"
           errors="0"
           skipped="0"
           time="0.049">
  <properties />
  
  
            <testcase name="sixth_testcase" time="0.013" classname="testNGDemo.TestScenario7" />
                <testcase name="fifth_testcase" time="0.013" classname="testNGDemo.TestScenario7" />
                <testcase name="seventh_testcase" time="0.003" classname="testNGDemo.TestScenario7" />
                <testcase name="forth_testcase" time="0.004" classname="testNGDemo.TestScenario7" />
                <testcase name="second_testcase" time="0.005" classname="testNGDemo.TestScenario7" />
                <testcase name="third_testcase" time="0.007" classname="testNGDemo.TestScenario7" />
                <testcase name="first_testcase" time="0.004" classname="testNGDemo.TestScenario7" />
      
</testsuite>
