<?xml version="1.0" encoding="UTF-8"?>
<!-- Generated by org.testng.reporters.JUnitReportReporter -->
<testsuite hostname="DESKTOP-FPTLG6G" failures="0" tests="3" name="org.wipro.automation.saucedemo.testcases.LoginScenario_DDF" time="11.425" errors="0" timestamp="2025-11-17T22:01:19 EST" skipped="0">
  <testcase classname="org.wipro.automation.saucedemo.testcases.LoginScenario_DDF" name="validate_valid_login_credentials" time="3.215"/>
  <testcase classname="org.wipro.automation.saucedemo.testcases.LoginScenario_DDF" name="validate_valid_login_credentials" time="4.098"/>
  <testcase classname="org.wipro.automation.saucedemo.testcases.LoginScenario_DDF" name="validate_valid_login_credentials" time="4.112"/>
</testsuite> <!-- org.wipro.automation.saucedemo.testcases.LoginScenario_DDF -->
