<?xml version="1.0" encoding="UTF-8"?>
<!-- Generated by org.testng.reporters.JUnitReportReporter -->
<testsuite hostname="DESKTOP-FPTLG6G" failures="0" tests="2" name="org.xyz.automation.project.Different_controls_FB" time="28.708" errors="0" timestamp="2025-10-29T22:42:56 EDT" skipped="0">
  <testcase classname="org.xyz.automation.project.Different_controls_FB" name="tc02_Validate_signup_functionality_valid_data" time="25.857"/>
  <testcase classname="org.xyz.automation.project.Different_controls_FB" name="tc01_Validate_login_functionality_valid_credentials" time="2.851"/>
</testsuite> <!-- org.xyz.automation.project.Different_controls_FB -->
