<?xml version="1.0" encoding="UTF-8"?>
<!-- Generated by org.testng.reporters.JUnitReportReporter -->
<testsuite hostname="DESKTOP-FPTLG6G" failures="0" tests="3" name="org.xyz.automation.project.HandleKBMousewindows_Mphasis" time="22.327" errors="0" timestamp="2025-11-11T17:40:38 EST" skipped="1">
  <testcase classname="org.xyz.automation.project.HandleKBMousewindows_Mphasis" name="handleAlerts" time="12.842"/>
  <testcase classname="org.xyz.automation.project.HandleKBMousewindows_Mphasis" name="handleFrames" time="9.485"/>
  <testcase classname="org.xyz.automation.project.HandleKBMousewindows_Mphasis" name="handleMouse">
    <skipped/>
  </testcase> <!-- handleMouse -->
</testsuite> <!-- org.xyz.automation.project.HandleKBMousewindows_Mphasis -->
