<?xml version="1.0" encoding="UTF-8"?>
<!-- Generated by org.testng.reporters.JUnitReportReporter -->
<testsuite hostname="DESKTOP-FPTLG6G" failures="0" tests="3" name="org.wipro.automation.saucedemo.testcases.SignUpScenario_DDF" time="14.895" errors="0" timestamp="2025-11-17T22:13:45 EST" skipped="0">
  <testcase classname="org.wipro.automation.saucedemo.testcases.SignUpScenario_DDF" name="validate_valid_Signup_functionality" time="4.503"/>
  <testcase classname="org.wipro.automation.saucedemo.testcases.SignUpScenario_DDF" name="validate_valid_Signup_functionality" time="6.311"/>
  <testcase classname="org.wipro.automation.saucedemo.testcases.SignUpScenario_DDF" name="validate_valid_Signup_functionality" time="4.081"/>
</testsuite> <!-- org.wipro.automation.saucedemo.testcases.SignUpScenario_DDF -->
