<?xml version="1.0" encoding="UTF-8"?>
<!-- Generated by org.testng.reporters.JUnitReportReporter -->
<testsuite hostname="DESKTOP-FPTLG6G" failures="0" tests="7" name="testNGDemo.TestScenario8" time="0.017" errors="0" timestamp="2025-11-11T18:18:07 EST" skipped="0">
  <testcase classname="testNGDemo.TestScenario8" name="seventh_testcase" time="0.001"/>
  <testcase classname="testNGDemo.TestScenario8" name="first_testcase" time="0.004"/>
  <testcase classname="testNGDemo.TestScenario8" name="forth_testcase" time="0.005"/>
  <testcase classname="testNGDemo.TestScenario8" name="sixth_testcase" time="0.002"/>
  <testcase classname="testNGDemo.TestScenario8" name="third_testcase" time="0.000"/>
  <testcase classname="testNGDemo.TestScenario8" name="fifth_testcase" time="0.001"/>
  <testcase classname="testNGDemo.TestScenario8" name="second_testcase" time="0.004"/>
</testsuite> <!-- testNGDemo.TestScenario8 -->
