<?xml version="1.0" encoding="UTF-8"?>
<!-- Generated by org.testng.reporters.JUnitReportReporter -->
<testsuite hostname="DESKTOP-FPTLG6G" failures="0" tests="1" name="org.wipro.automation.saucedemo.testcases.LoginScenario" time="3.411" errors="0" timestamp="2025-11-16T21:23:38 EST" skipped="0">
  <testcase classname="org.wipro.automation.saucedemo.testcases.LoginScenario" name="validate_valid_login_credentials" time="3.411"/>
</testsuite> <!-- org.wipro.automation.saucedemo.testcases.LoginScenario -->
