<?xml version="1.0" encoding="UTF-8"?>
<!-- Generated by org.testng.reporters.JUnitReportReporter -->
<testsuite hostname="DESKTOP-FPTLG6G" failures="0" tests="1" name="org.xyz.automation.project.FirstAutomation_Sourcedemo" time="4.363" errors="0" timestamp="2025-11-10T12:52:27 EST" skipped="0">
  <testcase classname="org.xyz.automation.project.FirstAutomation_Sourcedemo" name="tc_01_Validate_login_functionality_valid_credentails" time="4.363"/>
</testsuite> <!-- org.xyz.automation.project.FirstAutomation_Sourcedemo -->
