<?xml version="1.0" encoding="UTF-8"?>
<!-- Generated by org.testng.reporters.JUnitReportReporter -->
<testsuite hostname="DESKTOP-FPTLG6G" failures="0" tests="1" name="org.wipro.automation.saucedemo.testcases.SignUpScenario" time="5.275" errors="0" timestamp="2025-11-16T22:20:21 EST" skipped="0">
  <testcase classname="org.wipro.automation.saucedemo.testcases.SignUpScenario" name="validate_valid_Signup_functionality" time="5.275"/>
</testsuite> <!-- org.wipro.automation.saucedemo.testcases.SignUpScenario -->
