<?xml version="1.0" encoding="UTF-8"?>
<!-- Generated by org.testng.reporters.JUnitReportReporter -->
<testsuite hostname="DESKTOP-FPTLG6G" failures="0" tests="7" name="testNGDemo.TestScenario3" time="0.017" errors="0" timestamp="2025-11-11T18:18:07 EST" skipped="0">
  <testcase classname="testNGDemo.TestScenario3" name="first_testcase" time="0.001"/>
  <testcase classname="testNGDemo.TestScenario3" name="seventh_testcase" time="0.002"/>
  <testcase classname="testNGDemo.TestScenario3" name="fifth_testcase" time="0.001"/>
  <testcase classname="testNGDemo.TestScenario3" name="forth_testcase" time="0.001"/>
  <testcase classname="testNGDemo.TestScenario3" name="second_testcase" time="0.002"/>
  <testcase classname="testNGDemo.TestScenario3" name="third_testcase" time="0.005"/>
  <testcase classname="testNGDemo.TestScenario3" name="sixth_testcase" time="0.005"/>
</testsuite> <!-- testNGDemo.TestScenario3 -->
